Determining if the pthread_create exist failed with the following output:
Change Dir: /home/zn/racecar/src/rf2o_laser_odometry/cmake-build-debug/CMakeFiles/CMakeTmp

Run Build Command:"/usr/bin/make" "cmTC_a87d6/fast"
/usr/bin/make -f CMakeFiles/cmTC_a87d6.dir/build.make CMakeFiles/cmTC_a87d6.dir/build
make[1]: Entering directory '/home/zn/racecar/src/rf2o_laser_odometry/cmake-build-debug/CMakeFiles/CMakeTmp'
Building C object CMakeFiles/cmTC_a87d6.dir/CheckSymbolExists.c.o
/usr/bin/cc    -o CMakeFiles/cmTC_a87d6.dir/CheckSymbolExists.c.o   -c /home/zn/racecar/src/rf2o_laser_odometry/cmake-build-debug/CMakeFiles/CMakeTmp/CheckSymbolExists.c
Linking C executable cmTC_a87d6
/home/zn/.ide/clion/bin/cmake/bin/cmake -E cmake_link_script CMakeFiles/cmTC_a87d6.dir/link.txt --verbose=1
/usr/bin/cc      -rdynamic CMakeFiles/cmTC_a87d6.dir/CheckSymbolExists.c.o  -o cmTC_a87d6 
CMakeFiles/cmTC_a87d6.dir/CheckSymbolExists.c.o: In function `main':
CheckSymbolExists.c:(.text+0x16): undefined reference to `pthread_create'
collect2: error: ld returned 1 exit status
CMakeFiles/cmTC_a87d6.dir/build.make:97: recipe for target 'cmTC_a87d6' failed
make[1]: *** [cmTC_a87d6] Error 1
make[1]: Leaving directory '/home/zn/racecar/src/rf2o_laser_odometry/cmake-build-debug/CMakeFiles/CMakeTmp'
Makefile:126: recipe for target 'cmTC_a87d6/fast' failed
make: *** [cmTC_a87d6/fast] Error 2

File /home/zn/racecar/src/rf2o_laser_odometry/cmake-build-debug/CMakeFiles/CMakeTmp/CheckSymbolExists.c:
/* */
#include <pthread.h>

int main(int argc, char** argv)
{
  (void)argv;
#ifndef pthread_create
  return ((int*)(&pthread_create))[argc];
#else
  (void)argc;
  return 0;
#endif
}

Determining if the function pthread_create exists in the pthreads failed with the following output:
Change Dir: /home/zn/racecar/src/rf2o_laser_odometry/cmake-build-debug/CMakeFiles/CMakeTmp

Run Build Command:"/usr/bin/make" "cmTC_20b42/fast"
/usr/bin/make -f CMakeFiles/cmTC_20b42.dir/build.make CMakeFiles/cmTC_20b42.dir/build
make[1]: Entering directory '/home/zn/racecar/src/rf2o_laser_odometry/cmake-build-debug/CMakeFiles/CMakeTmp'
Building C object CMakeFiles/cmTC_20b42.dir/CheckFunctionExists.c.o
/usr/bin/cc   -DCHECK_FUNCTION_EXISTS=pthread_create   -o CMakeFiles/cmTC_20b42.dir/CheckFunctionExists.c.o   -c /home/zn/.ide/clion/bin/cmake/share/cmake-3.9/Modules/CheckFunctionExists.c
Linking C executable cmTC_20b42
/home/zn/.ide/clion/bin/cmake/bin/cmake -E cmake_link_script CMakeFiles/cmTC_20b42.dir/link.txt --verbose=1
/usr/bin/cc  -DCHECK_FUNCTION_EXISTS=pthread_create    -rdynamic CMakeFiles/cmTC_20b42.dir/CheckFunctionExists.c.o  -o cmTC_20b42 -lpthreads 
/usr/bin/ld: cannot find -lpthreads
collect2: error: ld returned 1 exit status
CMakeFiles/cmTC_20b42.dir/build.make:97: recipe for target 'cmTC_20b42' failed
make[1]: *** [cmTC_20b42] Error 1
make[1]: Leaving directory '/home/zn/racecar/src/rf2o_laser_odometry/cmake-build-debug/CMakeFiles/CMakeTmp'
Makefile:126: recipe for target 'cmTC_20b42/fast' failed
make: *** [cmTC_20b42/fast] Error 2


